app/build/outputs/logs/manifest-merger-debug-report.txt
-- Merging decision tree log ---
manifest
ADDED from src\main\AndroidManifest.xml:2:1-107:12
	package
		ADDED from src\main\AndroidManifest.xml:3:5-31
		INJECTED from src\main\AndroidManifest.xml
		INJECTED from src\main\AndroidManifest.xml
	android:versionName
		ADDED from src\main\AndroidManifest.xml:5:5-30
	android:versionCode
		ADDED from src\main\AndroidManifest.xml:4:5-28
		INJECTED from src\main\AndroidManifest.xml
		INJECTED from src\main\AndroidManifest.xml
	xmlns:android
		ADDED from src\main\AndroidManifest.xml:2:11-69
uses-sdk
ADDED from src\main\AndroidManifest.xml:7:5-9:41
	android:targetSdkVersion
		ADDED from src\main\AndroidManifest.xml:9:9-38
		INJECTED from src\main\AndroidManifest.xml
		INJECTED from src\main\AndroidManifest.xml
	android:minSdkVersion
		ADDED from src\main\AndroidManifest.xml:8:9-35
		INJECTED from src\main\AndroidManifest.xml
		INJECTED from src\main\AndroidManifest.xml
uses-permission#android.permission.CHANGE_NETWORK_STATE
ADDED from src\main\AndroidManifest.xml:11:2-92
	android:name
		ADDED from src\main\AndroidManifest.xml:11:19-73
uses-permission#android.permission.MOUNT_UNMOUNT_FILESYSTEMS
ADDED from src\main\AndroidManifest.xml:12:2-80
	android:name
		ADDED from src\main\AndroidManifest.xml:12:19-78
uses-permission#android.permission.GET_ACCOUNTS
ADDED from src\main\AndroidManifest.xml:14:5-71
	android:name
		ADDED from src\main\AndroidManifest.xml:14:22-68
uses-permission#android.permission.USE_CREDENTIALS
ADDED from src\main\AndroidManifest.xml:15:5-74
	android:name
		ADDED from src\main\AndroidManifest.xml:15:22-71
uses-permission#android.permission.MANAGE_ACCOUNTS
ADDED from src\main\AndroidManifest.xml:16:5-74
	android:name
		ADDED from src\main\AndroidManifest.xml:16:22-71
uses-permission#android.permission.AUTHENTICATE_ACCOUNTS
ADDED from src\main\AndroidManifest.xml:17:5-80
	android:name
		ADDED from src\main\AndroidManifest.xml:17:22-77
uses-permission#android.permission.WAKE_LOCK
ADDED from src\main\AndroidManifest.xml:19:5-20:23
	android:name
		ADDED from src\main\AndroidManifest.xml:19:22-65
uses-permission#android.permission.ACCESS_NETWORK_STATE
ADDED from src\main\AndroidManifest.xml:25:5-26:23
	android:name
		ADDED from src\main\AndroidManifest.xml:25:22-76
uses-permission#android.permission.ACCESS_COARSE_LOCATION
ADDED from src\main\AndroidManifest.xml:27:5-28:23
	android:name
		ADDED from src\main\AndroidManifest.xml:27:22-78
uses-permission#android.permission.INTERNET
ADDED from src\main\AndroidManifest.xml:29:5-30:23
	android:name
		ADDED from src\main\AndroidManifest.xml:29:22-64
uses-permission#android.permission.ACCESS_MOCK_LOCATION
ADDED from src\main\AndroidManifest.xml:31:5-32:23
	android:name
		ADDED from src\main\AndroidManifest.xml:31:22-76
uses-permission#android.permission.ACCESS_FINE_LOCATION
ADDED from src\main\AndroidManifest.xml:34:5-35:23
	android:name
		ADDED from src\main\AndroidManifest.xml:34:22-76
uses-permission#com.android.launcher.permission.READ_SETTINGS
ADDED from src\main\AndroidManifest.xml:36:5-85
	android:name
		ADDED from src\main\AndroidManifest.xml:36:22-82
uses-permission#android.permission.CHANGE_WIFI_STATE
ADDED from src\main\AndroidManifest.xml:39:5-76
	android:name
		ADDED from src\main\AndroidManifest.xml:39:22-73
uses-permission#android.permission.ACCESS_WIFI_STATE
ADDED from src\main\AndroidManifest.xml:40:5-76
	android:name
		ADDED from src\main\AndroidManifest.xml:40:22-73
uses-permission#android.permission.ACCESS_GPS
ADDED from src\main\AndroidManifest.xml:41:5-69
	android:name
		ADDED from src\main\AndroidManifest.xml:41:22-66
uses-permission#android.permission.READ_PHONE_STATE
ADDED from src\main\AndroidManifest.xml:42:5-75
	android:name
		ADDED from src\main\AndroidManifest.xml:42:22-72
uses-permission#android.permission.READ_CONTACTS
ADDED from src\main\AndroidManifest.xml:43:5-72
	android:name
		ADDED from src\main\AndroidManifest.xml:43:22-69
uses-permission#android.permission.CALL_PHONE
ADDED from src\main\AndroidManifest.xml:44:5-69
	android:name
		ADDED from src\main\AndroidManifest.xml:44:22-66
uses-permission#android.permission.READ_SMS
ADDED from src\main\AndroidManifest.xml:45:5-67
	android:name
		ADDED from src\main\AndroidManifest.xml:45:22-64
uses-permission#android.permission.SEND_SMS
ADDED from src\main\AndroidManifest.xml:46:5-67
	android:name
		ADDED from src\main\AndroidManifest.xml:46:22-64
uses-permission#android.permission.GET_TASKS
ADDED from src\main\AndroidManifest.xml:48:5-68
	android:name
		ADDED from src\main\AndroidManifest.xml:48:22-65
uses-permission#android.permission.CAMERA
ADDED from src\main\AndroidManifest.xml:49:5-50:23
	android:name
		ADDED from src\main\AndroidManifest.xml:49:22-62
uses-permission#android.permission.RECORD_AUDIO
ADDED from src\main\AndroidManifest.xml:51:5-52:23
	android:name
		ADDED from src\main\AndroidManifest.xml:51:22-68
uses-permission#android.permission.WRITE_EXTERNAL_STORAGE
ADDED from src\main\AndroidManifest.xml:53:5-54:23
	android:name
		ADDED from src\main\AndroidManifest.xml:53:22-78
uses-permission#android.permission.RECEIVE_BOOT_COMPLETED
ADDED from src\main\AndroidManifest.xml:55:5-81
	android:name
		ADDED from src\main\AndroidManifest.xml:55:22-78
uses-permission#android.permission.BROADCAST_STICKY
ADDED from src\main\AndroidManifest.xml:56:5-75
	android:name
		ADDED from src\main\AndroidManifest.xml:56:22-72
uses-permission#android.permission.WRITE_SETTINGS
ADDED from src\main\AndroidManifest.xml:57:5-73
	android:name
		ADDED from src\main\AndroidManifest.xml:57:22-70
uses-permission#android.permission.PROCESS_OUTGOING_CALLS
ADDED from src\main\AndroidManifest.xml:59:5-60:23
	android:name
		ADDED from src\main\AndroidManifest.xml:59:22-78
uses-permission#android.permission.MODIFY_AUDIO_SETTINGS
ADDED from src\main\AndroidManifest.xml:62:5-80
	android:name
		ADDED from src\main\AndroidManifest.xml:62:22-77
supports-screens
ADDED from src\main\AndroidManifest.xml:64:5-69:39
	android:largeScreens
		ADDED from src\main\AndroidManifest.xml:66:9-36
	android:smallScreens
		ADDED from src\main\AndroidManifest.xml:69:9-36
	android:normalScreens
		ADDED from src\main\AndroidManifest.xml:67:9-38
	android:resizeable
		ADDED from src\main\AndroidManifest.xml:68:9-34
	android:anyDensity
		ADDED from src\main\AndroidManifest.xml:65:9-34
application
ADDED from src\main\AndroidManifest.xml:71:5-105:19
	android:label
		ADDED from src\main\AndroidManifest.xml:74:9-41
	android:allowBackup
		ADDED from src\main\AndroidManifest.xml:72:9-35
	android:icon
		ADDED from src\main\AndroidManifest.xml:73:9-45
	android:theme
		ADDED from src\main\AndroidManifest.xml:75:9-40
	android:name
		ADDED from src\main\AndroidManifest.xml:76:9-46
service#com.baidu.location.f
ADDED from src\main\AndroidManifest.xml:77:9-85:19
	android:enabled
		ADDED from src\main\AndroidManifest.xml:79:13-35
	android:process
		ADDED from src\main\AndroidManifest.xml:80:13-38
	android:name
		ADDED from src\main\AndroidManifest.xml:78:13-48
intent-filter#com.baidu.location.service_v2.2
ADDED from src\main\AndroidManifest.xml:81:13-84:29
action#com.baidu.location.service_v2.2
ADDED from src\main\AndroidManifest.xml:82:17-83:26
	android:name
		ADDED from src\main\AndroidManifest.xml:82:25-71
meta-data#com.baidu.lbsapi.API_KEY
ADDED from src\main\AndroidManifest.xml:86:10-88:56
	android:value
		ADDED from src\main\AndroidManifest.xml:88:13-53
	android:name
		ADDED from src\main\AndroidManifest.xml:87:13-52
activity#com.maloc.client.fc.ui.LoginActivity
ADDED from src\main\AndroidManifest.xml:89:9-97:20
	android:label
		ADDED from src\main\AndroidManifest.xml:91:13-45
	android:name
		ADDED from src\main\AndroidManifest.xml:90:13-64
intent-filter#android.intent.action.MAIN+android.intent.category.LAUNCHER
ADDED from src\main\AndroidManifest.xml:92:13-96:29
action#android.intent.action.MAIN
ADDED from src\main\AndroidManifest.xml:93:17-69
	android:name
		ADDED from src\main\AndroidManifest.xml:93:25-66
category#android.intent.category.LAUNCHER
ADDED from src\main\AndroidManifest.xml:95:17-77
	android:name
		ADDED from src\main\AndroidManifest.xml:95:27-74
activity#com.maloc.client.fc.ui.IndoorTestActivity
ADDED from src\main\AndroidManifest.xml:98:10-88
	android:name
		ADDED from src\main\AndroidManifest.xml:98:20-76
activity#com.maloc.client.fc.ui.MainActivity_bck
ADDED from src\main\AndroidManifest.xml:99:10-86
	android:name
		ADDED from src\main\AndroidManifest.xml:99:20-74
activity#com.maloc.client.fc.ui.BaiduMapActivity
ADDED from src\main\AndroidManifest.xml:100:10-86
	android:name
		ADDED from src\main\AndroidManifest.xml:100:20-74
activity#com.maloc.client.fc.ui.IndoorMapActivity
ADDED from src\main\AndroidManifest.xml:101:10-87
	android:name
		ADDED from src\main\AndroidManifest.xml:101:20-75
activity#com.maloc.client.fc.ui.CalibrationActivity
ADDED from src\main\AndroidManifest.xml:102:10-89
	android:name
		ADDED from src\main\AndroidManifest.xml:102:20-77
activity#com.maloc.client.fc.ui.CollapseActivity
ADDED from src\main\AndroidManifest.xml:103:10-86
	android:name
		ADDED from src\main\AndroidManifest.xml:103:20-74
activity#com.maloc.client.fc.ui.SettingActivity
ADDED from src\main\AndroidManifest.xml:104:11-86
	android:name
		ADDED from src\main\AndroidManifest.xml:104:21-74